<?xml version="1.0" encoding="UTF-8"?>
<testsuite xmlns:xsi="http://www.w3.org/2001/XMLSchema-instance" xsi:noNamespaceSchemaLocation="https://maven.apache.org/surefire/maven-surefire-plugin/xsd/surefire-test-report-3.0.xsd" version="3.0" name="com.example.ClientTest" time="2.589" tests="3" errors="0" skipped="0" failures="0">
  <properties>
[...]
</properties>
  <testcase name="testVoidMethod" classname="com.example.ClientTest" time="2.528"/>
  <testcase name="testMethodCallCount" classname="com.example.ClientTest" time="0.003"/>
  <testcase name="testInterfaceMethod" classname="com.example.ClientTest" time="0.019"/>
</testsuite>